#
# A fatal error has been detected by the Java Runtime Environment:
#
#  EXCEPTION_ACCESS_VIOLATION (0xc0000005) at pc=0x00007ff809ec4f10, pid=17280, tid=18644
#
# JRE version: Java(TM) SE Runtime Environment (17.0.2+8) (build 17.0.2+8-LTS-86)
# Java VM: Java HotSpot(TM) 64-Bit Server VM (17.0.2+8-LTS-86, mixed mode, sharing, tiered, compressed oops, compressed class ptrs, g1 gc, windows-amd64)
# Problematic frame:
# C  [librocksdbjni3893120953311308359.dll+0x4a4f10]
#
# No core dump will be written. Minidumps are not enabled by default on client versions of Windows
#
# If you would like to submit a bug report, please visit:
#   https://bugreport.java.com/bugreport/crash.jsp
# The crash happened outside the Java Virtual Machine in native code.
# See problematic frame for where to report the bug.
#

---------------  S U M M A R Y ------------

Command Line: -DserverPort=8776 --add-opens=java.base/java.lang=ALL-UNNAMED -javaagent:H:\jdk\idea2022\1\IntelliJ IDEA 2022.1.3\lib\idea_rt.jar=62009:H:\jdk\idea2022\1\IntelliJ IDEA 2022.1.3\bin -Dfile.encoding=UTF-8 cn.think.in.java.RaftNodeBootStrap

Host: Intel(R) Core(TM) i5-6200U CPU @ 2.30GHz, 4 cores, 7G,  Windows 10 , 64 bit Build 19041 (10.0.19041.1806)
Time: Mon Aug  1 06:02:04 2022  Windows 10 , 64 bit Build 19041 (10.0.19041.1806) elapsed time: 39.453150 seconds (0d 0h 0m 39s)

---------------  T H R E A D  ---------------

Current thread (0x0000025c7fabc590):  JavaThread "Bolt-default-executor-4-thread-13" daemon [_thread_in_native, id=18644, stack(0x0000007273b00000,0x0000007273c00000)]

Stack: [0x0000007273b00000,0x0000007273c00000],  sp=0x0000007273bfeb38,  free space=1018k
Native frames: (J=compiled Java code, j=interpreted, Vv=VM code, C=native code)
C  [librocksdbjni3893120953311308359.dll+0x4a4f10]

Java frames: (J=compiled Java code, j=interpreted, Vv=VM code)
J 2392  org.rocksdb.RocksDB.get(J[BII)[B (0 bytes) @ 0x0000025c7667ce01 [0x0000025c7667cda0+0x0000000000000061]
J 3092 c2 cn.think.in.java.impl.DefaultNode.handlerClientRequest(Lraft/client/ClientKVReq;)Lraft/client/ClientKVAck; (470 bytes) @ 0x0000025c767b1a88 [0x0000025c767b1640+0x0000000000000448]
J 3093 c2 cn.think.in.java.rpc.DefaultRpcServiceImpl$1.handleRequest(Lcom/alipay/remoting/BizContext;Ljava/lang/Object;)Ljava/lang/Object; (10 bytes) @ 0x0000025c767b4eb4 [0x0000025c767b4dc0+0x00000000000000f4]
J 3088 c2 com.alipay.remoting.rpc.protocol.RpcRequestProcessor.dispatchToUserProcessor(Lcom/alipay/remoting/RemotingContext;Lcom/alipay/remoting/rpc/protocol/RpcRequestCommand;)V (373 bytes) @ 0x0000025c767ad8d4 [0x0000025c767ad5a0+0x0000000000000334]
J 3086 c2 com.alipay.remoting.rpc.protocol.RpcRequestProcessor$ProcessTask.run()V (84 bytes) @ 0x0000025c767aa4c0 [0x0000025c767a9f20+0x00000000000005a0]
j  java.util.concurrent.ThreadPoolExecutor.runWorker(Ljava/util/concurrent/ThreadPoolExecutor$Worker;)V+92 java.base@17.0.2
j  java.util.concurrent.ThreadPoolExecutor$Worker.run()V+5 java.base@17.0.2
j  java.lang.Thread.run()V+11 java.base@17.0.2
v  ~StubRoutines::call_stub

siginfo: EXCEPTION_ACCESS_VIOLATION (0xc0000005), data execution prevention violation at address 0x00007ff809ec4f10


Register to memory mapping:

RIP=0x00007ff809ec4f10 librocksdbjni3893120953311308359.dll
RAX=0x0000025c7ebf6f40 points into unknown readable memory: 0x0000000000000002 | 02 00 00 00 00 00 00 00
RBX=0x0000007273bff070 is pointing into the stack for thread: 0x0000025c7fabc590
RCX=0x0000025c064d7380 points into unknown readable memory: 0x00007ff809e9e688 | 88 e6 e9 09 f8 7f 00 00
RDX=0x00007ff809e9e688 librocksdbjni3893120953311308359.dll
RSP=0x0000007273bfeb38 is pointing into the stack for thread: 0x0000025c7fabc590
RBP=0x0000007273bfec40 is pointing into the stack for thread: 0x0000025c7fabc590
RSI=0x0 is NULL
RDI=0x0000025c062fe020 points into unknown readable memory: 0x0000025c7ebc8470 | 70 84 bc 7e 5c 02 00 00
R8 =0x0 is NULL
R9 =0x0000025c064d7380 points into unknown readable memory: 0x00007ff809e9e688 | 88 e6 e9 09 f8 7f 00 00
R10=0x00007ff85b2b0000 VCRUNTIME140.dll
R11=0x8f74f60017fe0201 is an unknown value
R12=0x0000025c7fabc800 points into unknown readable memory: 0x6f54b20d75319b2a | 2a 9b 31 75 0d b2 54 6f
R13=0x0000025c7ebf6fc0 points into unknown readable memory: 0x0000000000000000 | 00 00 00 00 00 00 00 00
R14=0x0 is NULL
R15=0x0000025c064d7380 points into unknown readable memory: 0x00007ff809e9e688 | 88 e6 e9 09 f8 7f 00 00


Registers:
RAX=0x0000025c7ebf6f40, RBX=0x0000007273bff070, RCX=0x0000025c064d7380, RDX=0x00007ff809e9e688
RSP=0x0000007273bfeb38, RBP=0x0000007273bfec40, RSI=0x0000000000000000, RDI=0x0000025c062fe020
R8 =0x0000000000000000, R9 =0x0000025c064d7380, R10=0x00007ff85b2b0000, R11=0x8f74f60017fe0201
R12=0x0000025c7fabc800, R13=0x0000025c7ebf6fc0, R14=0x0000000000000000, R15=0x0000025c064d7380
RIP=0x00007ff809ec4f10, EFLAGS=0x0000000000010246

Top of Stack: (sp=0x0000007273bfeb38)
0x0000007273bfeb38:   00007ff809c39df5 0000025c00000006
0x0000007273bfeb48:   0000025c06645820 0000025c7ec137b0
0x0000007273bfeb58:   0000007273bff070 0000000000000006
0x0000007273bfeb68:   00007ff808a309cf 0000000000000000
0x0000007273bfeb78:   00007ff808566589 000000000000000b
0x0000007273bfeb88:   00000000ffffffff 0000000000000000
0x0000007273bfeb98:   0000000000000000 0000025c7fabc590
0x0000007273bfeba8:   00007ff808953b41 0000000000000000
0x0000007273bfebb8:   0000025c7ebf6f50 0000007273bfef30
0x0000007273bfebc8:   0000025c00000000 0000000000000000
0x0000007273bfebd8:   0000000000000000 0000007273bff160
0x0000007273bfebe8:   000000080001bce8 0000025c7ebf6f40
0x0000007273bfebf8:   0000007273bff090 0000000000000000
0x0000007273bfec08:   0000000000000000 0000000000000000
0x0000007273bfec18:   0000000000000000 0000025c7ebf6fc0
0x0000007273bfec28:   0000000000000000 0000025c00000000 

Instructions: (pc=0x00007ff809ec4f10)
0x00007ff809ec4e10:   00 00 00 00 00 00 00 00 03 00 00 00 28 4e 4a 00
0x00007ff809ec4e20:   00 00 00 00 00 00 00 00 48 4e 4a 00 18 47 4a 00
0x00007ff809ec4e30:   a8 3c 4a 00 00 00 00 00 00 00 00 00 00 00 00 00
0x00007ff809ec4e40:   00 00 00 00 00 00 00 00 c0 a8 5b 00 02 00 00 00
0x00007ff809ec4e50:   00 00 00 00 ff ff ff ff 00 00 00 00 40 00 00 00
0x00007ff809ec4e60:   10 4e 4a 00 00 00 00 00 00 00 00 00 00 00 00 00
0x00007ff809ec4e70:   01 00 00 00 00 00 00 00 00 00 00 00 08 a9 5b 00
0x00007ff809ec4e80:   98 4e 4a 00 70 4e 4a 00 00 00 00 00 00 00 00 00
0x00007ff809ec4e90:   00 00 00 00 00 00 00 00 00 00 00 00 00 00 00 00
0x00007ff809ec4ea0:   01 00 00 00 b0 4e 4a 00 00 00 00 00 00 00 00 00
0x00007ff809ec4eb0:   c0 4e 4a 00 00 00 00 00 00 00 00 00 00 00 00 00
0x00007ff809ec4ec0:   08 a9 5b 00 00 00 00 00 00 00 00 00 ff ff ff ff
0x00007ff809ec4ed0:   00 00 00 00 40 00 00 00 98 4e 4a 00 00 00 00 00
0x00007ff809ec4ee0:   00 00 00 00 00 00 00 00 01 00 00 00 00 00 00 00
0x00007ff809ec4ef0:   00 00 00 00 88 88 5b 00 e8 08 4a 00 e8 4e 4a 00
0x00007ff809ec4f00:   00 00 00 00 00 00 00 00 00 00 00 00 00 00 00 00
0x00007ff809ec4f10:   01 00 00 00 00 00 00 00 00 00 00 00 38 a9 5b 00
0x00007ff809ec4f20:   38 4f 4a 00 10 4f 4a 00 00 00 00 00 00 00 00 00
0x00007ff809ec4f30:   00 00 00 00 00 00 00 00 00 00 00 00 00 00 00 00
0x00007ff809ec4f40:   02 00 00 00 50 4f 4a 00 00 00 00 00 00 00 00 00
0x00007ff809ec4f50:   68 4f 4a 00 40 37 4a 00 00 00 00 00 00 00 00 00
0x00007ff809ec4f60:   00 00 00 00 00 00 00 00 38 a9 5b 00 01 00 00 00
0x00007ff809ec4f70:   00 00 00 00 ff ff ff ff 00 00 00 00 40 00 00 00
0x00007ff809ec4f80:   38 4f 4a 00 00 00 00 00 00 00 00 00 00 00 00 00
0x00007ff809ec4f90:   01 00 00 00 00 00 00 00 00 00 00 00 80 a9 5b 00
0x00007ff809ec4fa0:   b8 4f 4a 00 90 4f 4a 00 00 00 00 00 00 00 00 00
0x00007ff809ec4fb0:   00 00 00 00 00 00 00 00 00 00 00 00 00 00 00 00
0x00007ff809ec4fc0:   02 00 00 00 d0 4f 4a 00 00 00 00 00 00 00 00 00
0x00007ff809ec4fd0:   e8 4f 4a 00 b8 37 4a 00 00 00 00 00 00 00 00 00
0x00007ff809ec4fe0:   00 00 00 00 00 00 00 00 80 a9 5b 00 01 00 00 00
0x00007ff809ec4ff0:   00 00 00 00 ff ff ff ff 00 00 00 00 40 00 00 00
0x00007ff809ec5000:   b8 4f 4a 00 00 00 00 00 00 00 00 00 00 00 00 00 


Stack slot to memory mapping:
stack at sp + 0 slots: 0x00007ff809c39df5 librocksdbjni3893120953311308359.dll
stack at sp + 1 slots: 0x0000025c00000006 points into unknown readable memory: 00 00
stack at sp + 2 slots: 0x0000025c06645820 points into unknown readable memory: 0x0000025c0609c8f4 | f4 c8 09 06 5c 02 00 00
stack at sp + 3 slots: 0x0000025c7ec137b0 points into unknown readable memory: 0x0000000081c961e0 | e0 61 c9 81 00 00 00 00
stack at sp + 4 slots: 0x0000007273bff070 is pointing into the stack for thread: 0x0000025c7fabc590
stack at sp + 5 slots: 0x0000000000000006 is an unknown value
stack at sp + 6 slots: 0x00007ff808a309cf jvm.dll
stack at sp + 7 slots: 0x0 is NULL


---------------  P R O C E S S  ---------------

Threads class SMR info:
_java_thread_list=0x0000025c06044b20, length=51, elements={
0x0000025c672a2520, 0x0000025c7eb6adc0, 0x0000025c7eb6bc30, 0x0000025c7eb95a50,
0x0000025c7eb81800, 0x0000025c7eb835c0, 0x0000025c7eb85f80, 0x0000025c7eb8a160,
0x0000025c7eb9e090, 0x0000025c7eb8cf50, 0x0000025c7f866890, 0x0000025c7fa1dcf0,
0x0000025c7fa1e1c0, 0x0000025c0691b450, 0x0000025c068a4dc0, 0x0000025c067ea9c0,
0x0000025c068a2590, 0x0000025c068940a0, 0x0000025c06894570, 0x0000025c069c9820,
0x0000025c06908be0, 0x0000025c069090b0, 0x0000025c06909580, 0x0000025c06907d70,
0x0000025c06908240, 0x0000025c06908710, 0x0000025c7fabf0e0, 0x0000025c7fabf5b0,
0x0000025c7fabbbf0, 0x0000025c7fac1290, 0x0000025c7fabb720, 0x0000025c7faba8b0,
0x0000025c7fabd400, 0x0000025c7fabcf30, 0x0000025c7fabad80, 0x0000025c7fabca60,
0x0000025c7fac1760, 0x0000025c7fabc0c0, 0x0000025c7fabfa80, 0x0000025c7faba3e0,
0x0000025c7fac1c30, 0x0000025c7fabb250, 0x0000025c7fabc590, 0x0000025c7fabdda0,
0x0000025c7fabd8d0, 0x0000025c7fabe270, 0x0000025c7fac0dc0, 0x0000025c7fabff50,
0x0000025c7fac0420, 0x0000025c7fabe740, 0x0000025c7fac08f0
}

Java Threads: ( => current thread )
  0x0000025c672a2520 JavaThread "main" [_thread_blocked, id=14912, stack(0x0000007270200000,0x0000007270300000)]
  0x0000025c7eb6adc0 JavaThread "Reference Handler" daemon [_thread_blocked, id=14428, stack(0x0000007270900000,0x0000007270a00000)]
  0x0000025c7eb6bc30 JavaThread "Finalizer" daemon [_thread_blocked, id=18624, stack(0x0000007270a00000,0x0000007270b00000)]
  0x0000025c7eb95a50 JavaThread "Signal Dispatcher" daemon [_thread_blocked, id=16144, stack(0x0000007270b00000,0x0000007270c00000)]
  0x0000025c7eb81800 JavaThread "Attach Listener" daemon [_thread_blocked, id=15648, stack(0x0000007270c00000,0x0000007270d00000)]
  0x0000025c7eb835c0 JavaThread "Service Thread" daemon [_thread_blocked, id=15312, stack(0x0000007270d00000,0x0000007270e00000)]
  0x0000025c7eb85f80 JavaThread "Monitor Deflation Thread" daemon [_thread_blocked, id=21564, stack(0x0000007270e00000,0x0000007270f00000)]
  0x0000025c7eb8a160 JavaThread "C2 CompilerThread0" daemon [_thread_blocked, id=21824, stack(0x0000007270f00000,0x0000007271000000)]
  0x0000025c7eb9e090 JavaThread "C1 CompilerThread0" daemon [_thread_blocked, id=16668, stack(0x0000007271000000,0x0000007271100000)]
  0x0000025c7eb8cf50 JavaThread "Sweeper thread" daemon [_thread_blocked, id=12668, stack(0x0000007271100000,0x0000007271200000)]
  0x0000025c7f866890 JavaThread "Common-Cleaner" daemon [_thread_blocked, id=16816, stack(0x0000007271200000,0x0000007271300000)]
  0x0000025c7fa1dcf0 JavaThread "Monitor Ctrl-Break" daemon [_thread_in_native, id=9756, stack(0x0000007271300000,0x0000007271400000)]
  0x0000025c7fa1e1c0 JavaThread "Notification Thread" daemon [_thread_blocked, id=14908, stack(0x0000007271400000,0x0000007271500000)]
  0x0000025c0691b450 JavaThread "Rpc-netty-server-boss-2-thread-1" [_thread_blocked, id=18632, stack(0x0000007271e00000,0x0000007271f00000)]
  0x0000025c068a4dc0 JavaThread "RpcTaskScannerThread-9-thread-1" daemon [_thread_blocked, id=19516, stack(0x0000007271f00000,0x0000007272000000)]
  0x0000025c067ea9c0 JavaThread "Raft thread" daemon [_thread_blocked, id=18000, stack(0x0000007271d00000,0x0000007271e00000)]
  0x0000025c068a2590 JavaThread "Raft thread" daemon [_thread_blocked, id=2676, stack(0x0000007272000000,0x0000007272100000)]
  0x0000025c068940a0 JavaThread "Raft thread" daemon [_thread_blocked, id=11096, stack(0x0000007272100000,0x0000007272200000)]
  0x0000025c06894570 JavaThread "Raft thread" daemon [_thread_blocked, id=2780, stack(0x0000007272200000,0x0000007272300000)]
  0x0000025c069c9820 JavaThread "Raft thread" daemon [_thread_blocked, id=12816, stack(0x0000007272300000,0x0000007272400000)]
  0x0000025c06908be0 JavaThread "Raft thread" daemon [_thread_blocked, id=19436, stack(0x0000007272400000,0x0000007272500000)]
  0x0000025c069090b0 JavaThread "Raft thread" daemon [_thread_blocked, id=15336, stack(0x0000007272500000,0x0000007272600000)]
  0x0000025c06909580 JavaThread "Raft thread" daemon [_thread_blocked, id=19796, stack(0x0000007272600000,0x0000007272700000)]
  0x0000025c06907d70 JavaThread "bolt-netty-client-worker-6-thread-2" daemon [_thread_in_native, id=15744, stack(0x0000007272700000,0x0000007272800000)]
  0x0000025c06908240 JavaThread "bolt-netty-client-worker-6-thread-1" daemon [_thread_in_native, id=20168, stack(0x0000007272800000,0x0000007272900000)]
  0x0000025c06908710 JavaThread "Bolt-conn-event-executor-8-thread-1" daemon [_thread_blocked, id=17640, stack(0x0000007272a00000,0x0000007272b00000)]
  0x0000025c7fabf0e0 JavaThread "Bolt-default-executor-4-thread-1" daemon [_thread_blocked, id=14416, stack(0x0000007272b00000,0x0000007272c00000)]
  0x0000025c7fabf5b0 JavaThread "bolt-netty-client-worker-6-thread-3" daemon [_thread_blocked, id=16188, stack(0x0000007272c00000,0x0000007272d00000)]
  0x0000025c7fabbbf0 JavaThread "Bolt-default-executor-4-thread-2" daemon [_thread_blocked, id=14480, stack(0x0000007272d00000,0x0000007272e00000)]
  0x0000025c7fac1290 JavaThread "bolt-netty-client-worker-6-thread-4" daemon [_thread_in_native, id=6964, stack(0x0000007272e00000,0x0000007272f00000)]
  0x0000025c7fabb720 JavaThread "Bolt-default-executor-4-thread-3" daemon [_thread_blocked, id=3800, stack(0x0000007272f00000,0x0000007273000000)]
  0x0000025c7faba8b0 JavaThread "Bolt-default-executor-4-thread-4" daemon [_thread_blocked, id=20652, stack(0x0000007273000000,0x0000007273100000)]
  0x0000025c7fabd400 JavaThread "Rpc-netty-server-worker-1-thread-1" daemon [_thread_in_native, id=17372, stack(0x0000007273100000,0x0000007273200000)]
  0x0000025c7fabcf30 JavaThread "Bolt-conn-event-executor-3-thread-1" daemon [_thread_blocked, id=16696, stack(0x0000007273200000,0x0000007273300000)]
  0x0000025c7fabad80 JavaThread "Bolt-default-executor-4-thread-5" daemon [_thread_blocked, id=15240, stack(0x0000007273300000,0x0000007273400000)]
  0x0000025c7fabca60 JavaThread "Bolt-default-executor-4-thread-6" daemon [_thread_blocked, id=6844, stack(0x0000007273400000,0x0000007273500000)]
  0x0000025c7fac1760 JavaThread "Bolt-default-executor-4-thread-7" daemon [_thread_blocked, id=3432, stack(0x0000007273500000,0x0000007273600000)]
  0x0000025c7fabc0c0 JavaThread "Bolt-default-executor-4-thread-8" daemon [_thread_blocked, id=22296, stack(0x0000007273600000,0x0000007273700000)]
  0x0000025c7fabfa80 JavaThread "Bolt-default-executor-4-thread-9" daemon [_thread_blocked, id=19020, stack(0x0000007273700000,0x0000007273800000)]
  0x0000025c7faba3e0 JavaThread "Bolt-default-executor-4-thread-10" daemon [_thread_blocked, id=9692, stack(0x0000007273800000,0x0000007273900000)]
  0x0000025c7fac1c30 JavaThread "Bolt-default-executor-4-thread-11" daemon [_thread_blocked, id=17056, stack(0x0000007273900000,0x0000007273a00000)]
  0x0000025c7fabb250 JavaThread "Bolt-default-executor-4-thread-12" daemon [_thread_blocked, id=18492, stack(0x0000007273a00000,0x0000007273b00000)]
=>0x0000025c7fabc590 JavaThread "Bolt-default-executor-4-thread-13" daemon [_thread_in_native, id=18644, stack(0x0000007273b00000,0x0000007273c00000)]
  0x0000025c7fabdda0 JavaThread "Bolt-default-executor-4-thread-14" daemon [_thread_blocked, id=15348, stack(0x0000007273c00000,0x0000007273d00000)]
  0x0000025c7fabd8d0 JavaThread "Bolt-default-executor-4-thread-15" daemon [_thread_blocked, id=7376, stack(0x0000007273d00000,0x0000007273e00000)]
  0x0000025c7fabe270 JavaThread "Bolt-default-executor-4-thread-16" daemon [_thread_blocked, id=21216, stack(0x0000007273e00000,0x0000007273f00000)]
  0x0000025c7fac0dc0 JavaThread "Bolt-default-executor-4-thread-17" daemon [_thread_blocked, id=7212, stack(0x0000007273f00000,0x0000007274000000)]
  0x0000025c7fabff50 JavaThread "Bolt-default-executor-4-thread-18" daemon [_thread_blocked, id=19544, stack(0x0000007274000000,0x0000007274100000)]
  0x0000025c7fac0420 JavaThread "Bolt-default-executor-4-thread-19" daemon [_thread_blocked, id=17028, stack(0x0000007274100000,0x0000007274200000)]
  0x0000025c7fabe740 JavaThread "Bolt-default-executor-4-thread-20" daemon [_thread_blocked, id=7764, stack(0x0000007274200000,0x0000007274300000)]
  0x0000025c7fac08f0 JavaThread "SIGINT handler" daemon [_thread_blocked, id=15364, stack(0x0000007274500000,0x0000007274600000)]

Other Threads:
  0x0000025c7eb634f0 VMThread "VM Thread" [stack: 0x0000007270800000,0x0000007270900000] [id=6720] _threads_hazard_ptr=0x0000025c06044b20
  0x0000025c672de960 GCTaskThread "GC Thread#0" [stack: 0x0000007270300000,0x0000007270400000] [id=12508]
  0x0000025c060b93f0 GCTaskThread "GC Thread#1" [stack: 0x0000007271600000,0x0000007271700000] [id=13668]
  0x0000025c066af810 GCTaskThread "GC Thread#2" [stack: 0x0000007271900000,0x0000007271a00000] [id=18504]
  0x0000025c0673ecb0 GCTaskThread "GC Thread#3" [stack: 0x0000007271a00000,0x0000007271b00000] [id=17272]
  0x0000025c672f1580 ConcurrentGCThread "G1 Main Marker" terminated
  0x0000025c672f2730 ConcurrentGCThread "G1 Conc#0" [stack: 0x0000007270500000,0x0000007270600000] [id=8980]
  0x0000025c6736b900 ConcurrentGCThread "G1 Refine#0" terminated
  0x0000025c0665a580 ConcurrentGCThread "G1 Refine#1" terminated
  0x0000025c06676010 ConcurrentGCThread "G1 Refine#2" terminated
  0x0000025c6736c320 ConcurrentGCThread "G1 Service" terminated

Threads with active compile tasks:

VM state: at safepoint (normal execution)

VM Mutex/Monitor currently owned by a thread:  ([mutex/lock_event])
[0x0000025c6729cc70] Threads_lock - owner thread: 0x0000025c7eb634f0
[0x0000025c6729e1d0] Heap_lock - owner thread: 0x0000025c7fac08f0

Heap address: 0x0000000081a00000, size: 2022 MB, Compressed Oops mode: 32-bit

CDS archive(s) mapped at: [0x0000000800000000-0x0000000800bc0000-0x0000000800bc0000), size 12320768, SharedBaseAddress: 0x0000000800000000, ArchiveRelocationMode: 0.
Compressed class space mapped at: 0x0000000800c00000-0x0000000840c00000, reserved size: 1073741824
Narrow klass base: 0x0000000800000000, Narrow klass shift: 0, Narrow klass range: 0x100000000

GC Precious Log:
 CPUs: 4 total, 4 available
 Memory: 8087M
 Large Page Support: Disabled
 NUMA Support: Disabled
 Compressed Oops: Enabled (32-bit)
 Heap Region Size: 1M
 Heap Min Capacity: 8M
 Heap Initial Capacity: 128M
 Heap Max Capacity: 2022M
 Pre-touch: Disabled
 Parallel Workers: 4
 Concurrent Workers: 1
 Concurrent Refinement Workers: 4
 Periodic GC: Disabled

Heap:
 garbage-first heap   total 131072K, used 55759K [0x0000000081a00000, 0x0000000100000000)
  region size 1024K, 48 young (49152K), 3 survivors (3072K)
 Metaspace       used 15495K, committed 15744K, reserved 1064960K
  class space    used 1693K, committed 1792K, reserved 1048576K

Heap Regions: E=young(eden), S=young(survivor), O=old, HS=humongous(starts), HC=humongous(continues), CS=collection set, F=free, OA=open archive, CA=closed archive, TAMS=top-at-mark-start (previous, next)
|   0|0x0000000081a00000, 0x0000000081b00000, 0x0000000081b00000|100%| O|  |TAMS 0x0000000081a00000, 0x0000000081a00000| Untracked 
|   1|0x0000000081b00000, 0x0000000081c00000, 0x0000000081c00000|100%| O|  |TAMS 0x0000000081b00000, 0x0000000081b00000| Untracked 
|   2|0x0000000081c00000, 0x0000000081d00000, 0x0000000081d00000|100%| O|  |TAMS 0x0000000081c00000, 0x0000000081c00000| Untracked 
|   3|0x0000000081d00000, 0x0000000081e00000, 0x0000000081e00000|100%| O|  |TAMS 0x0000000081d00000, 0x0000000081d00000| Untracked 
|   4|0x0000000081e00000, 0x0000000081f00000, 0x0000000081f00000|100%| O|  |TAMS 0x0000000081e00000, 0x0000000081e00000| Untracked 
|   5|0x0000000081f00000, 0x0000000082000000, 0x0000000082000000|100%| O|  |TAMS 0x0000000081f00000, 0x0000000081f00000| Untracked 
|   6|0x0000000082000000, 0x0000000082100000, 0x0000000082100000|100%| O|  |TAMS 0x0000000082000000, 0x0000000082000000| Untracked 
|   7|0x0000000082100000, 0x0000000082173c00, 0x0000000082200000| 45%| O|  |TAMS 0x0000000082100000, 0x0000000082100000| Untracked 
|   8|0x0000000082200000, 0x0000000082200000, 0x0000000082300000|  0%| F|  |TAMS 0x0000000082200000, 0x0000000082200000| Untracked 
|   9|0x0000000082300000, 0x0000000082300000, 0x0000000082400000|  0%| F|  |TAMS 0x0000000082300000, 0x0000000082300000| Untracked 
|  10|0x0000000082400000, 0x0000000082400000, 0x0000000082500000|  0%| F|  |TAMS 0x0000000082400000, 0x0000000082400000| Untracked 
|  11|0x0000000082500000, 0x0000000082500000, 0x0000000082600000|  0%| F|  |TAMS 0x0000000082500000, 0x0000000082500000| Untracked 
|  12|0x0000000082600000, 0x0000000082600000, 0x0000000082700000|  0%| F|  |TAMS 0x0000000082600000, 0x0000000082600000| Untracked 
|  13|0x0000000082700000, 0x0000000082700000, 0x0000000082800000|  0%| F|  |TAMS 0x0000000082700000, 0x0000000082700000| Untracked 
|  14|0x0000000082800000, 0x0000000082800000, 0x0000000082900000|  0%| F|  |TAMS 0x0000000082800000, 0x0000000082800000| Untracked 
|  15|0x0000000082900000, 0x0000000082900000, 0x0000000082a00000|  0%| F|  |TAMS 0x0000000082900000, 0x0000000082900000| Untracked 
|  16|0x0000000082a00000, 0x0000000082a00000, 0x0000000082b00000|  0%| F|  |TAMS 0x0000000082a00000, 0x0000000082a00000| Untracked 
|  17|0x0000000082b00000, 0x0000000082b00000, 0x0000000082c00000|  0%| F|  |TAMS 0x0000000082b00000, 0x0000000082b00000| Untracked 
|  18|0x0000000082c00000, 0x0000000082c00000, 0x0000000082d00000|  0%| F|  |TAMS 0x0000000082c00000, 0x0000000082c00000| Untracked 
|  19|0x0000000082d00000, 0x0000000082d00000, 0x0000000082e00000|  0%| F|  |TAMS 0x0000000082d00000, 0x0000000082d00000| Untracked 
|  20|0x0000000082e00000, 0x0000000082e00000, 0x0000000082f00000|  0%| F|  |TAMS 0x0000000082e00000, 0x0000000082e00000| Untracked 
|  21|0x0000000082f00000, 0x0000000082f00000, 0x0000000083000000|  0%| F|  |TAMS 0x0000000082f00000, 0x0000000082f00000| Untracked 
|  22|0x0000000083000000, 0x0000000083000000, 0x0000000083100000|  0%| F|  |TAMS 0x0000000083000000, 0x0000000083000000| Untracked 
|  23|0x0000000083100000, 0x0000000083100000, 0x0000000083200000|  0%| F|  |TAMS 0x0000000083100000, 0x0000000083100000| Untracked 
|  24|0x0000000083200000, 0x0000000083200000, 0x0000000083300000|  0%| F|  |TAMS 0x0000000083200000, 0x0000000083200000| Untracked 
|  25|0x0000000083300000, 0x0000000083300000, 0x0000000083400000|  0%| F|  |TAMS 0x0000000083300000, 0x0000000083300000| Untracked 
|  26|0x0000000083400000, 0x0000000083400000, 0x0000000083500000|  0%| F|  |TAMS 0x0000000083400000, 0x0000000083400000| Untracked 
|  27|0x0000000083500000, 0x0000000083500000, 0x0000000083600000|  0%| F|  |TAMS 0x0000000083500000, 0x0000000083500000| Untracked 
|  28|0x0000000083600000, 0x0000000083600000, 0x0000000083700000|  0%| F|  |TAMS 0x0000000083600000, 0x0000000083600000| Untracked 
|  29|0x0000000083700000, 0x0000000083700000, 0x0000000083800000|  0%| F|  |TAMS 0x0000000083700000, 0x0000000083700000| Untracked 
|  30|0x0000000083800000, 0x0000000083800000, 0x0000000083900000|  0%| F|  |TAMS 0x0000000083800000, 0x0000000083800000| Untracked 
|  31|0x0000000083900000, 0x0000000083900000, 0x0000000083a00000|  0%| F|  |TAMS 0x0000000083900000, 0x0000000083900000| Untracked 
|  32|0x0000000083a00000, 0x0000000083a00000, 0x0000000083b00000|  0%| F|  |TAMS 0x0000000083a00000, 0x0000000083a00000| Untracked 
|  33|0x0000000083b00000, 0x0000000083b00000, 0x0000000083c00000|  0%| F|  |TAMS 0x0000000083b00000, 0x0000000083b00000| Untracked 
|  34|0x0000000083c00000, 0x0000000083c00000, 0x0000000083d00000|  0%| F|  |TAMS 0x0000000083c00000, 0x0000000083c00000| Untracked 
|  35|0x0000000083d00000, 0x0000000083d00000, 0x0000000083e00000|  0%| F|  |TAMS 0x0000000083d00000, 0x0000000083d00000| Untracked 
|  36|0x0000000083e00000, 0x0000000083e00000, 0x0000000083f00000|  0%| F|  |TAMS 0x0000000083e00000, 0x0000000083e00000| Untracked 
|  37|0x0000000083f00000, 0x0000000083f00000, 0x0000000084000000|  0%| F|  |TAMS 0x0000000083f00000, 0x0000000083f00000| Untracked 
|  38|0x0000000084000000, 0x0000000084000000, 0x0000000084100000|  0%| F|  |TAMS 0x0000000084000000, 0x0000000084000000| Untracked 
|  39|0x0000000084100000, 0x0000000084100000, 0x0000000084200000|  0%| F|  |TAMS 0x0000000084100000, 0x0000000084100000| Untracked 
|  40|0x0000000084200000, 0x0000000084200000, 0x0000000084300000|  0%| F|  |TAMS 0x0000000084200000, 0x0000000084200000| Untracked 
|  41|0x0000000084300000, 0x0000000084300000, 0x0000000084400000|  0%| F|  |TAMS 0x0000000084300000, 0x0000000084300000| Untracked 
|  42|0x0000000084400000, 0x0000000084400000, 0x0000000084500000|  0%| F|  |TAMS 0x0000000084400000, 0x0000000084400000| Untracked 
|  43|0x0000000084500000, 0x0000000084500000, 0x0000000084600000|  0%| F|  |TAMS 0x0000000084500000, 0x0000000084500000| Untracked 
|  44|0x0000000084600000, 0x0000000084600000, 0x0000000084700000|  0%| F|  |TAMS 0x0000000084600000, 0x0000000084600000| Untracked 
|  45|0x0000000084700000, 0x0000000084700000, 0x0000000084800000|  0%| F|  |TAMS 0x0000000084700000, 0x0000000084700000| Untracked 
|  46|0x0000000084800000, 0x0000000084800000, 0x0000000084900000|  0%| F|  |TAMS 0x0000000084800000, 0x0000000084800000| Untracked 
|  47|0x0000000084900000, 0x0000000084900000, 0x0000000084a00000|  0%| F|  |TAMS 0x0000000084900000, 0x0000000084900000| Untracked 
|  48|0x0000000084a00000, 0x0000000084a00000, 0x0000000084b00000|  0%| F|  |TAMS 0x0000000084a00000, 0x0000000084a00000| Untracked 
|  49|0x0000000084b00000, 0x0000000084b00000, 0x0000000084c00000|  0%| F|  |TAMS 0x0000000084b00000, 0x0000000084b00000| Untracked 
|  50|0x0000000084c00000, 0x0000000084c00000, 0x0000000084d00000|  0%| F|  |TAMS 0x0000000084c00000, 0x0000000084c00000| Untracked 
|  51|0x0000000084d00000, 0x0000000084d00000, 0x0000000084e00000|  0%| F|  |TAMS 0x0000000084d00000, 0x0000000084d00000| Untracked 
|  52|0x0000000084e00000, 0x0000000084f00000, 0x0000000084f00000|100%| S|CS|TAMS 0x0000000084e00000, 0x0000000084e00000| Complete 
|  53|0x0000000084f00000, 0x0000000085000000, 0x0000000085000000|100%| S|CS|TAMS 0x0000000084f00000, 0x0000000084f00000| Complete 
|  54|0x0000000085000000, 0x0000000085100000, 0x0000000085100000|100%| S|CS|TAMS 0x0000000085000000, 0x0000000085000000| Complete 
|  55|0x0000000085100000, 0x0000000085100000, 0x0000000085200000|  0%| F|  |TAMS 0x0000000085100000, 0x0000000085100000| Untracked 
|  56|0x0000000085200000, 0x0000000085200000, 0x0000000085300000|  0%| F|  |TAMS 0x0000000085200000, 0x0000000085200000| Untracked 
|  57|0x0000000085300000, 0x0000000085300000, 0x0000000085400000|  0%| F|  |TAMS 0x0000000085300000, 0x0000000085300000| Untracked 
|  58|0x0000000085400000, 0x0000000085400000, 0x0000000085500000|  0%| F|  |TAMS 0x0000000085400000, 0x0000000085400000| Untracked 
|  59|0x0000000085500000, 0x0000000085500000, 0x0000000085600000|  0%| F|  |TAMS 0x0000000085500000, 0x0000000085500000| Untracked 
|  60|0x0000000085600000, 0x0000000085600000, 0x0000000085700000|  0%| F|  |TAMS 0x0000000085600000, 0x0000000085600000| Untracked 
|  61|0x0000000085700000, 0x0000000085700000, 0x0000000085800000|  0%| F|  |TAMS 0x0000000085700000, 0x0000000085700000| Untracked 
|  62|0x0000000085800000, 0x0000000085800000, 0x0000000085900000|  0%| F|  |TAMS 0x0000000085800000, 0x0000000085800000| Untracked 
|  63|0x0000000085900000, 0x0000000085900000, 0x0000000085a00000|  0%| F|  |TAMS 0x0000000085900000, 0x0000000085900000| Untracked 
|  64|0x0000000085a00000, 0x0000000085a00000, 0x0000000085b00000|  0%| F|  |TAMS 0x0000000085a00000, 0x0000000085a00000| Untracked 
|  65|0x0000000085b00000, 0x0000000085b00000, 0x0000000085c00000|  0%| F|  |TAMS 0x0000000085b00000, 0x0000000085b00000| Untracked 
|  66|0x0000000085c00000, 0x0000000085c00000, 0x0000000085d00000|  0%| F|  |TAMS 0x0000000085c00000, 0x0000000085c00000| Untracked 
|  67|0x0000000085d00000, 0x0000000085d00000, 0x0000000085e00000|  0%| F|  |TAMS 0x0000000085d00000, 0x0000000085d00000| Untracked 
|  68|0x0000000085e00000, 0x0000000085e00000, 0x0000000085f00000|  0%| F|  |TAMS 0x0000000085e00000, 0x0000000085e00000| Untracked 
|  69|0x0000000085f00000, 0x0000000085f00000, 0x0000000086000000|  0%| F|  |TAMS 0x0000000085f00000, 0x0000000085f00000| Untracked 
|  70|0x0000000086000000, 0x0000000086000000, 0x0000000086100000|  0%| F|  |TAMS 0x0000000086000000, 0x0000000086000000| Untracked 
|  71|0x0000000086100000, 0x0000000086100000, 0x0000000086200000|  0%| F|  |TAMS 0x0000000086100000, 0x0000000086100000| Untracked 
|  72|0x0000000086200000, 0x0000000086200000, 0x0000000086300000|  0%| F|  |TAMS 0x0000000086200000, 0x0000000086200000| Untracked 
|  73|0x0000000086300000, 0x0000000086300000, 0x0000000086400000|  0%| F|  |TAMS 0x0000000086300000, 0x0000000086300000| Untracked 
|  74|0x0000000086400000, 0x0000000086400000, 0x0000000086500000|  0%| F|  |TAMS 0x0000000086400000, 0x0000000086400000| Untracked 
|  75|0x0000000086500000, 0x0000000086500000, 0x0000000086600000|  0%| F|  |TAMS 0x0000000086500000, 0x0000000086500000| Untracked 
|  76|0x0000000086600000, 0x0000000086600000, 0x0000000086700000|  0%| F|  |TAMS 0x0000000086600000, 0x0000000086600000| Untracked 
|  77|0x0000000086700000, 0x0000000086700000, 0x0000000086800000|  0%| F|  |TAMS 0x0000000086700000, 0x0000000086700000| Untracked 
|  78|0x0000000086800000, 0x0000000086800000, 0x0000000086900000|  0%| F|  |TAMS 0x0000000086800000, 0x0000000086800000| Untracked 
|  79|0x0000000086900000, 0x0000000086900000, 0x0000000086a00000|  0%| F|  |TAMS 0x0000000086900000, 0x0000000086900000| Untracked 
|  80|0x0000000086a00000, 0x0000000086a00000, 0x0000000086b00000|  0%| F|  |TAMS 0x0000000086a00000, 0x0000000086a00000| Untracked 
|  81|0x0000000086b00000, 0x0000000086b00000, 0x0000000086c00000|  0%| F|  |TAMS 0x0000000086b00000, 0x0000000086b00000| Untracked 
|  82|0x0000000086c00000, 0x0000000086c00000, 0x0000000086d00000|  0%| F|  |TAMS 0x0000000086c00000, 0x0000000086c00000| Untracked 
|  83|0x0000000086d00000, 0x0000000086d00800, 0x0000000086e00000|  0%| E|  |TAMS 0x0000000086d00000, 0x0000000086d00000| Complete 
|  84|0x0000000086e00000, 0x0000000086f00000, 0x0000000086f00000|100%| E|CS|TAMS 0x0000000086e00000, 0x0000000086e00000| Complete 
|  85|0x0000000086f00000, 0x0000000087000000, 0x0000000087000000|100%| E|CS|TAMS 0x0000000086f00000, 0x0000000086f00000| Complete 
|  86|0x0000000087000000, 0x0000000087100000, 0x0000000087100000|100%| E|CS|TAMS 0x0000000087000000, 0x0000000087000000| Complete 
|  87|0x0000000087100000, 0x0000000087200000, 0x0000000087200000|100%| E|CS|TAMS 0x0000000087100000, 0x0000000087100000| Complete 
|  88|0x0000000087200000, 0x0000000087300000, 0x0000000087300000|100%| E|CS|TAMS 0x0000000087200000, 0x0000000087200000| Complete 
|  89|0x0000000087300000, 0x0000000087400000, 0x0000000087400000|100%| E|CS|TAMS 0x0000000087300000, 0x0000000087300000| Complete 
|  90|0x0000000087400000, 0x0000000087500000, 0x0000000087500000|100%| E|CS|TAMS 0x0000000087400000, 0x0000000087400000| Complete 
|  91|0x0000000087500000, 0x0000000087600000, 0x0000000087600000|100%| E|CS|TAMS 0x0000000087500000, 0x0000000087500000| Complete 
|  92|0x0000000087600000, 0x0000000087700000, 0x0000000087700000|100%| E|CS|TAMS 0x0000000087600000, 0x0000000087600000| Complete 
|  93|0x0000000087700000, 0x0000000087800000, 0x0000000087800000|100%| E|CS|TAMS 0x0000000087700000, 0x0000000087700000| Complete 
|  94|0x0000000087800000, 0x0000000087900000, 0x0000000087900000|100%| E|CS|TAMS 0x0000000087800000, 0x0000000087800000| Complete 
|  95|0x0000000087900000, 0x0000000087a00000, 0x0000000087a00000|100%| E|CS|TAMS 0x0000000087900000, 0x0000000087900000| Complete 
|  96|0x0000000087a00000, 0x0000000087b00000, 0x0000000087b00000|100%| E|CS|TAMS 0x0000000087a00000, 0x0000000087a00000| Complete 
|  97|0x0000000087b00000, 0x0000000087c00000, 0x0000000087c00000|100%| E|CS|TAMS 0x0000000087b00000, 0x0000000087b00000| Complete 
|  98|0x0000000087c00000, 0x0000000087d00000, 0x0000000087d00000|100%| E|CS|TAMS 0x0000000087c00000, 0x0000000087c00000| Complete 
|  99|0x0000000087d00000, 0x0000000087e00000, 0x0000000087e00000|100%| E|CS|TAMS 0x0000000087d00000, 0x0000000087d00000| Complete 
| 100|0x0000000087e00000, 0x0000000087f00000, 0x0000000087f00000|100%| E|CS|TAMS 0x0000000087e00000, 0x0000000087e00000| Complete 
| 101|0x0000000087f00000, 0x0000000088000000, 0x0000000088000000|100%| E|CS|TAMS 0x0000000087f00000, 0x0000000087f00000| Complete 
| 102|0x0000000088000000, 0x0000000088100000, 0x0000000088100000|100%| E|CS|TAMS 0x0000000088000000, 0x0000000088000000| Complete 
| 103|0x0000000088100000, 0x0000000088200000, 0x0000000088200000|100%| E|CS|TAMS 0x0000000088100000, 0x0000000088100000| Complete 
| 104|0x0000000088200000, 0x0000000088300000, 0x0000000088300000|100%| E|CS|TAMS 0x0000000088200000, 0x0000000088200000| Complete 
| 105|0x0000000088300000, 0x0000000088400000, 0x0000000088400000|100%| E|CS|TAMS 0x0000000088300000, 0x0000000088300000| Complete 
| 106|0x0000000088400000, 0x0000000088500000, 0x0000000088500000|100%| E|CS|TAMS 0x0000000088400000, 0x0000000088400000| Complete 
| 107|0x0000000088500000, 0x0000000088600000, 0x0000000088600000|100%| E|CS|TAMS 0x0000000088500000, 0x0000000088500000| Complete 
| 108|0x0000000088600000, 0x0000000088700000, 0x0000000088700000|100%| E|CS|TAMS 0x0000000088600000, 0x0000000088600000| Complete 
| 109|0x0000000088700000, 0x0000000088800000, 0x0000000088800000|100%| E|CS|TAMS 0x0000000088700000, 0x0000000088700000| Complete 
| 110|0x0000000088800000, 0x0000000088900000, 0x0000000088900000|100%| E|CS|TAMS 0x0000000088800000, 0x0000000088800000| Complete 
| 111|0x0000000088900000, 0x0000000088a00000, 0x0000000088a00000|100%| E|CS|TAMS 0x0000000088900000, 0x0000000088900000| Complete 
| 112|0x0000000088a00000, 0x0000000088b00000, 0x0000000088b00000|100%| E|CS|TAMS 0x0000000088a00000, 0x0000000088a00000| Complete 
| 113|0x0000000088b00000, 0x0000000088c00000, 0x0000000088c00000|100%| E|CS|TAMS 0x0000000088b00000, 0x0000000088b00000| Complete 
| 114|0x0000000088c00000, 0x0000000088d00000, 0x0000000088d00000|100%| E|CS|TAMS 0x0000000088c00000, 0x0000000088c00000| Complete 
| 115|0x0000000088d00000, 0x0000000088e00000, 0x0000000088e00000|100%| E|CS|TAMS 0x0000000088d00000, 0x0000000088d00000| Complete 
| 116|0x0000000088e00000, 0x0000000088f00000, 0x0000000088f00000|100%| E|CS|TAMS 0x0000000088e00000, 0x0000000088e00000| Complete 
| 117|0x0000000088f00000, 0x0000000089000000, 0x0000000089000000|100%| E|CS|TAMS 0x0000000088f00000, 0x0000000088f00000| Complete 
| 118|0x0000000089000000, 0x0000000089100000, 0x0000000089100000|100%| E|CS|TAMS 0x0000000089000000, 0x0000000089000000| Complete 
| 119|0x0000000089100000, 0x0000000089200000, 0x0000000089200000|100%| E|CS|TAMS 0x0000000089100000, 0x0000000089100000| Complete 
| 120|0x0000000089200000, 0x0000000089300000, 0x0000000089300000|100%| E|CS|TAMS 0x0000000089200000, 0x0000000089200000| Complete 
| 121|0x0000000089300000, 0x0000000089400000, 0x0000000089400000|100%| E|CS|TAMS 0x0000000089300000, 0x0000000089300000| Complete 
| 122|0x0000000089400000, 0x0000000089500000, 0x0000000089500000|100%| E|CS|TAMS 0x0000000089400000, 0x0000000089400000| Complete 
| 123|0x0000000089500000, 0x0000000089600000, 0x0000000089600000|100%| E|CS|TAMS 0x0000000089500000, 0x0000000089500000| Complete 
| 124|0x0000000089600000, 0x0000000089700000, 0x0000000089700000|100%| E|CS|TAMS 0x0000000089600000, 0x0000000089600000| Complete 
| 125|0x0000000089700000, 0x0000000089800000, 0x0000000089800000|100%| E|CS|TAMS 0x0000000089700000, 0x0000000089700000| Complete 
| 126|0x0000000089800000, 0x0000000089900000, 0x0000000089900000|100%| E|CS|TAMS 0x0000000089800000, 0x0000000089800000| Complete 
| 127|0x0000000089900000, 0x0000000089a00000, 0x0000000089a00000|100%| E|CS|TAMS 0x0000000089900000, 0x0000000089900000| Complete 

Card table byte_map: [0x0000025c7df00000,0x0000025c7e300000] _byte_map_base: 0x0000025c7daf3000

Marking Bits (Prev, Next): (CMBitMap*) 0x0000025c672dff80, (CMBitMap*) 0x0000025c672dffc0
 Prev Bits: [0x0000025c00000000, 0x0000025c01f98000)
 Next Bits: [0x0000025c01fa0000, 0x0000025c03f38000)

Polling page: 0x0000025c65070000

Metaspace:

Usage:
  Non-class:     13.48 MB used.
      Class:      1.65 MB used.
       Both:     15.13 MB used.

Virtual space:
  Non-class space:       16.00 MB reserved,      13.62 MB ( 85%) committed,  2 nodes.
      Class space:        1.00 GB reserved,       1.75 MB ( <1%) committed,  1 nodes.
             Both:        1.02 GB reserved,      15.38 MB (  1%) committed. 

Chunk freelists:
   Non-Class:  2.36 MB
       Class:  2.20 MB
        Both:  4.56 MB

MaxMetaspaceSize: unlimited
CompressedClassSpaceSize: 1.00 GB
Initial GC threshold: 21.00 MB
Current GC threshold: 21.00 MB
CDS: on
MetaspaceReclaimPolicy: balanced
 - commit_granule_bytes: 65536.
 - commit_granule_words: 8192.
 - virtual_space_node_default_size: 1048576.
 - enlarge_chunks_in_place: 1.
 - new_chunks_are_fully_committed: 0.
 - uncommit_free_chunks: 1.
 - use_allocation_guard: 0.
 - handle_deallocations: 1.


Internal statistics:

num_allocs_failed_limit: 0.
num_arena_births: 138.
num_arena_deaths: 0.
num_vsnodes_births: 3.
num_vsnodes_deaths: 0.
num_space_committed: 246.
num_space_uncommitted: 0.
num_chunks_returned_to_freelist: 0.
num_chunks_taken_from_freelist: 465.
num_chunk_merges: 0.
num_chunk_splits: 324.
num_chunks_enlarged: 250.
num_purges: 0.
num_inconsistent_stats: 0.

CodeHeap 'non-profiled nmethods': size=120000Kb used=1973Kb max_used=1973Kb free=118026Kb
 bounds [0x0000025c765d0000, 0x0000025c76840000, 0x0000025c7db00000]
CodeHeap 'profiled nmethods': size=120000Kb used=5725Kb max_used=5725Kb free=114274Kb
 bounds [0x0000025c6f0a0000, 0x0000025c6f640000, 0x0000025c765d0000]
CodeHeap 'non-nmethods': size=5760Kb used=1247Kb max_used=1318Kb free=4512Kb
 bounds [0x0000025c6eb00000, 0x0000025c6ed70000, 0x0000025c6f0a0000]
 total_blobs=3687 nmethods=3125 adapters=473
 compilation: enabled
              stopped_count=0, restarted_count=0
 full_count=0

Compilation events (20 events):
Event: 37.914 Thread 0x0000025c7eb9e090 3117       3       io.netty.buffer.WrappedByteBuf::writeInt (11 bytes)
Event: 37.914 Thread 0x0000025c7eb9e090 nmethod 3117 0x0000025c6f635610 code [0x0000025c6f6357c0, 0x0000025c6f6359a8]
Event: 37.914 Thread 0x0000025c7eb9e090 3118       3       io.netty.buffer.WrappedByteBuf::writeBytes (11 bytes)
Event: 37.914 Thread 0x0000025c7eb9e090 nmethod 3118 0x0000025c6f635a90 code [0x0000025c6f635c40, 0x0000025c6f635e28]
Event: 37.914 Thread 0x0000025c7eb9e090 3119       3       io.netty.buffer.WrappedByteBuf::readerIndex (8 bytes)
Event: 37.915 Thread 0x0000025c7eb9e090 nmethod 3119 0x0000025c6f635f10 code [0x0000025c6f6360c0, 0x0000025c6f636288]
Event: 37.942 Thread 0x0000025c7eb9e090 3120       3       io.netty.util.concurrent.DefaultPromise::trySuccess (6 bytes)
Event: 37.943 Thread 0x0000025c7eb9e090 nmethod 3120 0x0000025c6f636390 code [0x0000025c6f636540, 0x0000025c6f636728]
Event: 37.976 Thread 0x0000025c7eb9e090 3121       3       io.netty.channel.SingleThreadEventLoop::hasTasks (25 bytes)
Event: 37.976 Thread 0x0000025c7eb9e090 nmethod 3121 0x0000025c6f636810 code [0x0000025c6f6369c0, 0x0000025c6f636c58]
Event: 38.017 Thread 0x0000025c7eb9e090 3122       3       io.netty.channel.DefaultSelectStrategy::calculateStrategy (15 bytes)
Event: 38.017 Thread 0x0000025c7eb9e090 nmethod 3122 0x0000025c6f636d10 code [0x0000025c6f636ec0, 0x0000025c6f637128]
Event: 38.401 Thread 0x0000025c7eb8a160 3123       4       io.netty.util.concurrent.DefaultPromise::notifyListeners0 (34 bytes)
Event: 38.407 Thread 0x0000025c7eb8a160 nmethod 3123 0x0000025c767bc590 code [0x0000025c767bc780, 0x0000025c767bcb30]
Event: 38.678 Thread 0x0000025c7eb8a160 3124       4       io.netty.channel.DefaultChannelPromise::executor (21 bytes)
Event: 38.679 Thread 0x0000025c7eb8a160 nmethod 3124 0x0000025c767bcf10 code [0x0000025c767bd080, 0x0000025c767bd118]
Event: 38.899 Thread 0x0000025c7eb9e090 3125       3       java.util.concurrent.locks.LockSupport::parkNanos (29 bytes)
Event: 38.900 Thread 0x0000025c7eb9e090 nmethod 3125 0x0000025c6f637290 code [0x0000025c6f637460, 0x0000025c6f637668]
Event: 39.324 Thread 0x0000025c7eb9e090 3126       1       java.util.concurrent.CopyOnWriteArrayList::getArray (5 bytes)
Event: 39.324 Thread 0x0000025c7eb9e090 nmethod 3126 0x0000025c767bd210 code [0x0000025c767bd3a0, 0x0000025c767bd478]

GC Heap History (10 events):
Event: 1.055 GC heap before
{Heap before GC invocations=0 (full 0):
 garbage-first heap   total 131072K, used 12288K [0x0000000081a00000, 0x0000000100000000)
  region size 1024K, 13 young (13312K), 0 survivors (0K)
 Metaspace       used 7432K, committed 7616K, reserved 1056768K
  class space    used 806K, committed 896K, reserved 1048576K
}
Event: 1.062 GC heap after
{Heap after GC invocations=1 (full 0):
 garbage-first heap   total 131072K, used 4397K [0x0000000081a00000, 0x0000000100000000)
  region size 1024K, 2 young (2048K), 2 survivors (2048K)
 Metaspace       used 7432K, committed 7616K, reserved 1056768K
  class space    used 806K, committed 896K, reserved 1048576K
}
Event: 1.408 GC heap before
{Heap before GC invocations=1 (full 0):
 garbage-first heap   total 131072K, used 10541K [0x0000000081a00000, 0x0000000100000000)
  region size 1024K, 8 young (8192K), 2 survivors (2048K)
 Metaspace       used 9922K, committed 10112K, reserved 1064960K
  class space    used 1138K, committed 1216K, reserved 1048576K
}
Event: 1.412 GC heap after
{Heap after GC invocations=2 (full 0):
 garbage-first heap   total 131072K, used 5412K [0x0000000081a00000, 0x0000000100000000)
  region size 1024K, 1 young (1024K), 1 survivors (1024K)
 Metaspace       used 9922K, committed 10112K, reserved 1064960K
  class space    used 1138K, committed 1216K, reserved 1048576K
}
Event: 14.834 GC heap before
{Heap before GC invocations=2 (full 0):
 garbage-first heap   total 131072K, used 26916K [0x0000000081a00000, 0x0000000100000000)
  region size 1024K, 22 young (22528K), 1 survivors (1024K)
 Metaspace       used 14911K, committed 15168K, reserved 1064960K
  class space    used 1690K, committed 1792K, reserved 1048576K
}
Event: 14.838 GC heap after
{Heap after GC invocations=3 (full 0):
 garbage-first heap   total 131072K, used 10703K [0x0000000081a00000, 0x0000000100000000)
  region size 1024K, 3 young (3072K), 3 survivors (3072K)
 Metaspace       used 14911K, committed 15168K, reserved 1064960K
  class space    used 1690K, committed 1792K, reserved 1048576K
}
Event: 28.202 GC heap before
{Heap before GC invocations=3 (full 0):
 garbage-first heap   total 131072K, used 85455K [0x0000000081a00000, 0x0000000100000000)
  region size 1024K, 76 young (77824K), 3 survivors (3072K)
 Metaspace       used 15479K, committed 15744K, reserved 1064960K
  class space    used 1692K, committed 1792K, reserved 1048576K
}
Event: 28.204 GC heap after
{Heap after GC invocations=4 (full 0):
 garbage-first heap   total 131072K, used 10575K [0x0000000081a00000, 0x0000000100000000)
  region size 1024K, 3 young (3072K), 3 survivors (3072K)
 Metaspace       used 15479K, committed 15744K, reserved 1064960K
  class space    used 1692K, committed 1792K, reserved 1048576K
}
Event: 35.637 GC heap before
{Heap before GC invocations=4 (full 0):
 garbage-first heap   total 131072K, used 85327K [0x0000000081a00000, 0x0000000100000000)
  region size 1024K, 76 young (77824K), 3 survivors (3072K)
 Metaspace       used 15486K, committed 15744K, reserved 1064960K
  class space    used 1692K, committed 1792K, reserved 1048576K
}
Event: 35.639 GC heap after
{Heap after GC invocations=5 (full 0):
 garbage-first heap   total 131072K, used 10703K [0x0000000081a00000, 0x0000000100000000)
  region size 1024K, 3 young (3072K), 3 survivors (3072K)
 Metaspace       used 15486K, committed 15744K, reserved 1064960K
  class space    used 1692K, committed 1792K, reserved 1048576K
}

Deoptimization events (20 events):
Event: 39.323 Thread 0x0000025c672a2520 DEOPT UNPACKING pc=0x0000025c6eb523a3 sp=0x00000072702fee28 mode 2
Event: 39.323 Thread 0x0000025c0691b450 Uncommon trap: reason=unstable_if action=reinterpret pc=0x0000025c767862ec method=io.netty.channel.ChannelOutboundBuffer.clearNioBuffers()V @ 6 c2
Event: 39.323 Thread 0x0000025c0691b450 DEOPT PACKING pc=0x0000025c767862ec sp=0x0000007271efea40
Event: 39.323 Thread 0x0000025c672a2520 Uncommon trap: trap_request=0xffffffde fr.pc=0x0000025c7675d094 relative=0x0000000000000074
Event: 39.323 Thread 0x0000025c672a2520 Uncommon trap: reason=class_check action=maybe_recompile pc=0x0000025c7675d094 method=org.apache.log4j.helpers.PatternParser$NamedPatternConverter.convert(Lorg/apache/log4j/spi/LoggingEvent;)Ljava/lang/String; @ 2 c2
Event: 39.323 Thread 0x0000025c672a2520 DEOPT PACKING pc=0x0000025c7675d094 sp=0x00000072702fee10
Event: 39.323 Thread 0x0000025c0691b450 DEOPT UNPACKING pc=0x0000025c6eb523a3 sp=0x0000007271efea08 mode 2
Event: 39.323 Thread 0x0000025c672a2520 DEOPT UNPACKING pc=0x0000025c6eb523a3 sp=0x00000072702fed88 mode 2
Event: 39.323 Thread 0x0000025c0691b450 Uncommon trap: trap_request=0xffffff45 fr.pc=0x0000025c766c1dd8 relative=0x0000000000000058
Event: 39.323 Thread 0x0000025c0691b450 Uncommon trap: reason=unstable_if action=reinterpret pc=0x0000025c766c1dd8 method=io.netty.util.concurrent.SingleThreadEventExecutor.isShuttingDown()Z @ 5 c2
Event: 39.323 Thread 0x0000025c0691b450 DEOPT PACKING pc=0x0000025c766c1dd8 sp=0x0000007271efef90
Event: 39.323 Thread 0x0000025c0691b450 DEOPT UNPACKING pc=0x0000025c6eb523a3 sp=0x0000007271efef18 mode 2
Event: 39.323 Thread 0x0000025c672a2520 Uncommon trap: trap_request=0xffffffde fr.pc=0x0000025c7675a180 relative=0x00000000000018c0
Event: 39.323 Thread 0x0000025c0691b450 Uncommon trap: trap_request=0xffffff54 fr.pc=0x0000025c7669dbec relative=0x00000000000001cc
Event: 39.323 Thread 0x0000025c672a2520 Uncommon trap: reason=class_check action=maybe_recompile pc=0x0000025c7675a180 method=sun.nio.cs.StreamEncoder.writeBytes()V @ 127 c2
Event: 39.323 Thread 0x0000025c0691b450 Uncommon trap: reason=speculate_null_assert action=make_not_entrant pc=0x0000025c7669dbec method=sun.nio.ch.SelectorImpl.processDeregisterQueue()V @ 66 c2
Event: 39.323 Thread 0x0000025c0691b450 DEOPT PACKING pc=0x0000025c7669dbec sp=0x0000007271efebf0
Event: 39.323 Thread 0x0000025c672a2520 DEOPT PACKING pc=0x0000025c7675a180 sp=0x00000072702feee0
Event: 39.323 Thread 0x0000025c0691b450 DEOPT UNPACKING pc=0x0000025c6eb523a3 sp=0x0000007271efeb98 mode 2
Event: 39.323 Thread 0x0000025c672a2520 DEOPT UNPACKING pc=0x0000025c6eb523a3 sp=0x00000072702fec58 mode 2

Classes unloaded (0 events):
No events

Classes redefined (0 events):
No events

Internal exceptions (20 events):
Event: 1.025 Thread 0x0000025c672a2520 Exception <a 'java/lang/ClassNotFoundException'{0x0000000088d55d18}: org/apache/log4j/AppenderSkeletonCustomizer> (0x0000000088d55d18) 
thrown [t:\workspace\open\src\hotspot\share\classfile\systemDictionary.cpp, line 256]
Event: 1.028 Thread 0x0000025c672a2520 Exception <a 'java/lang/ClassNotFoundException'{0x0000000088d65e20}: org/apache/log4j/WriterAppenderCustomizer> (0x0000000088d65e20) 
thrown [t:\workspace\open\src\hotspot\share\classfile\systemDictionary.cpp, line 256]
Event: 1.030 Thread 0x0000025c672a2520 Exception <a 'java/lang/ClassNotFoundException'{0x0000000088d72620}: org/apache/log4j/FileAppenderCustomizer> (0x0000000088d72620) 
thrown [t:\workspace\open\src\hotspot\share\classfile\systemDictionary.cpp, line 256]
Event: 1.032 Thread 0x0000025c672a2520 Exception <a 'java/lang/ClassNotFoundException'{0x0000000088d7e8c0}: org/apache/log4j/DailyRollingFileAppenderCustomizer> (0x0000000088d7e8c0) 
thrown [t:\workspace\open\src\hotspot\share\classfile\systemDictionary.cpp, line 256]
Event: 1.035 Thread 0x0000025c672a2520 Exception <a 'java/lang/ClassNotFoundException'{0x0000000088d8ba68}: org/apache/log4j/varia/LevelRangeFilterBeanInfo> (0x0000000088d8ba68) 
thrown [t:\workspace\open\src\hotspot\share\classfile\systemDictionary.cpp, line 256]
Event: 1.035 Thread 0x0000025c672a2520 Exception <a 'java/lang/ClassNotFoundException'{0x0000000088d8e030}: org/apache/log4j/spi/FilterBeanInfo> (0x0000000088d8e030) 
thrown [t:\workspace\open\src\hotspot\share\classfile\systemDictionary.cpp, line 256]
Event: 1.035 Thread 0x0000025c672a2520 Exception <a 'java/lang/ClassNotFoundException'{0x0000000088d905f0}: org/apache/log4j/spi/FilterCustomizer> (0x0000000088d905f0) 
thrown [t:\workspace\open\src\hotspot\share\classfile\systemDictionary.cpp, line 256]
Event: 1.036 Thread 0x0000025c672a2520 Exception <a 'java/lang/ClassNotFoundException'{0x0000000088d96888}: org/apache/log4j/varia/LevelRangeFilterCustomizer> (0x0000000088d96888) 
thrown [t:\workspace\open\src\hotspot\share\classfile\systemDictionary.cpp, line 256]
Event: 1.172 Thread 0x0000025c672a2520 Exception <a 'java/lang/UnsatisfiedLinkError'{0x00000000899c90d0}: 'int io.netty.channel.epoll.Native.offsetofEpollData()'> (0x00000000899c90d0) 
thrown [t:\workspace\open\src\hotspot\share\prims\nativeLookup.cpp, line 543]
Event: 1.172 Thread 0x0000025c672a2520 Exception <a 'java/lang/ExceptionInInitializerError'{0x00000000899c9838}> (0x00000000899c9838) 
thrown [t:\workspace\open\src\hotspot\share\oops\instanceKlass.cpp, line 1168]
Event: 1.585 Thread 0x0000025c672a2520 Exception <a 'java/lang/NoSuchMethodError'{0x00000000896db798}: 'long java.lang.invoke.DirectMethodHandle$Holder.invokeStatic(java.lang.Object)'> (0x00000000896db798) 
thrown [t:\workspace\open\src\hotspot\share\interpreter\linkResolver.cpp, line 766]
Event: 1.587 Thread 0x0000025c672a2520 Exception <a 'java/lang/NoSuchMethodError'{0x00000000896e1de8}: 'void java.lang.invoke.DirectMethodHandle$Holder.invokeStaticInit(java.lang.Object, java.lang.Object, java.lang.Object)'> (0x00000000896e1de8) 
thrown [t:\workspace\open\src\hotspot\share\interpreter\linkResolver.cpp, line 766]
Event: 7.616 Thread 0x0000025c069c9820 Exception <a 'java/lang/NoSuchMethodError'{0x0000000088f2d6b8}: 'java.lang.Object java.lang.invoke.DirectMethodHandle$Holder.newInvokeSpecial(java.lang.Object, java.lang.Object, java.lang.Object, java.lang.Object, java.lang.Object)'> (0x0000000088f2d6b8) 
thrown [t:\workspace\open\src\hotspot\share\interpreter\linkResolver.cpp, line 766]
Event: 7.656 Thread 0x0000025c06907d70 Exception <a 'java/net/ConnectException'{0x0000000088ef6c20}: Connection refused: no further information> (0x0000000088ef6c20) 
thrown [t:\workspace\open\src\hotspot\share\prims\jni.cpp, line 535]
Event: 7.695 Thread 0x0000025c06908be0 Implicit null exception at 0x0000025c76648ce0 to 0x0000025c76648d7a
Event: 8.183 Thread 0x0000025c069c9820 Exception <a 'java/lang/NoSuchMethodError'{0x0000000088f3e0c0}: 'void java.lang.invoke.DirectMethodHandle$Holder.invokeSpecial(java.lang.Object, java.lang.Object, java.lang.Object)'> (0x0000000088f3e0c0) 
thrown [t:\workspace\open\src\hotspot\share\interpreter\linkResolver.cpp, line 766]
Event: 8.191 Thread 0x0000025c7fabf5b0 Exception <a 'java/net/ConnectException'{0x0000000088af18d8}: Connection refused: no further information> (0x0000000088af18d8) 
thrown [t:\workspace\open\src\hotspot\share\prims\jni.cpp, line 535]
Event: 8.192 Thread 0x0000025c06908be0 Exception <a 'java/lang/NullPointerException'{0x0000000088acc258}> (0x0000000088acc258) 
thrown [t:\workspace\open\src\hotspot\share\interpreter\linkResolver.cpp, line 1357]
Event: 18.378 Thread 0x0000025c7fac1290 Implicit null exception at 0x0000025c7669a3d4 to 0x0000025c7669aac8
Event: 23.538 Thread 0x0000025c06908240 Implicit null exception at 0x0000025c766c47d4 to 0x0000025c766c9690

VM Operations (20 events):
Event: 28.204 Executing VM operation: G1CollectForAllocation done
Event: 29.218 Executing VM operation: Cleanup
Event: 29.218 Executing VM operation: Cleanup done
Event: 30.232 Executing VM operation: Cleanup
Event: 30.232 Executing VM operation: Cleanup done
Event: 31.242 Executing VM operation: Cleanup
Event: 31.242 Executing VM operation: Cleanup done
Event: 32.244 Executing VM operation: Cleanup
Event: 32.244 Executing VM operation: Cleanup done
Event: 33.245 Executing VM operation: Cleanup
Event: 33.245 Executing VM operation: Cleanup done
Event: 34.247 Executing VM operation: Cleanup
Event: 34.247 Executing VM operation: Cleanup done
Event: 35.637 Executing VM operation: G1CollectForAllocation
Event: 35.639 Executing VM operation: G1CollectForAllocation done
Event: 36.648 Executing VM operation: Cleanup
Event: 36.648 Executing VM operation: Cleanup done
Event: 38.663 Executing VM operation: Cleanup
Event: 38.663 Executing VM operation: Cleanup done
Event: 39.325 Executing VM operation: Exit

Events (20 events):
Event: 13.968 Thread 0x0000025c7faba3e0 Thread added: 0x0000025c7faba3e0
Event: 13.977 Thread 0x0000025c7fac1c30 Thread added: 0x0000025c7fac1c30
Event: 13.984 Thread 0x0000025c7fabb250 Thread added: 0x0000025c7fabb250
Event: 13.993 Thread 0x0000025c7fabc590 Thread added: 0x0000025c7fabc590
Event: 14.000 Thread 0x0000025c7fabdda0 Thread added: 0x0000025c7fabdda0
Event: 14.010 Thread 0x0000025c7fabd8d0 Thread added: 0x0000025c7fabd8d0
Event: 14.017 Thread 0x0000025c7fabe270 Thread added: 0x0000025c7fabe270
Event: 14.026 Thread 0x0000025c7fac0dc0 Thread added: 0x0000025c7fac0dc0
Event: 14.033 Thread 0x0000025c7fabff50 Thread added: 0x0000025c7fabff50
Event: 14.043 Thread 0x0000025c7fac0420 Thread added: 0x0000025c7fac0420
Event: 14.054 Thread 0x0000025c7fabe740 Thread added: 0x0000025c7fabe740
Event: 21.282 loading class jdk/internal/misc/ScopedMemoryAccess$Scope$Handle
Event: 21.282 loading class jdk/internal/misc/ScopedMemoryAccess$Scope$Handle done
Event: 39.313 loading class jdk/internal/misc/Signal$1
Event: 39.313 loading class jdk/internal/misc/Signal$1 done
Event: 39.314 Thread 0x0000025c7fac08f0 Thread added: 0x0000025c7fac08f0
Event: 39.314 Thread 0x0000025c066ba810 Thread added: 0x0000025c066ba810
Event: 39.314 Thread 0x0000025c066bb1b0 Thread added: 0x0000025c066bb1b0
Event: 39.322 Thread 0x0000025c066bb1b0 Thread exited: 0x0000025c066bb1b0
Event: 39.324 Thread 0x0000025c066ba810 Thread exited: 0x0000025c066ba810


Dynamic libraries:
0x00007ff6cfa70000 - 0x00007ff6cfa80000 	H:\jdk\jdk-17_jb51\1\bin\java.exe
0x00007ff867690000 - 0x00007ff867888000 	C:\WINDOWS\SYSTEM32\ntdll.dll
0x00007ff866b60000 - 0x00007ff866c1d000 	C:\WINDOWS\System32\KERNEL32.DLL
0x00007ff864db0000 - 0x00007ff86507e000 	C:\WINDOWS\System32\KERNELBASE.dll
0x00007ff865580000 - 0x00007ff865680000 	C:\WINDOWS\System32\ucrtbase.dll
0x00007ff85b6c0000 - 0x00007ff85b6d8000 	H:\jdk\jdk-17_jb51\1\bin\jli.dll
0x00007ff85b2b0000 - 0x00007ff85b2ca000 	H:\jdk\jdk-17_jb51\1\bin\VCRUNTIME140.dll
0x00007ff865d30000 - 0x00007ff865dde000 	C:\WINDOWS\System32\ADVAPI32.dll
0x00007ff866700000 - 0x00007ff86679e000 	C:\WINDOWS\System32\msvcrt.dll
0x00007ff8656f0000 - 0x00007ff86578c000 	C:\WINDOWS\System32\sechost.dll
0x00007ff865790000 - 0x00007ff8658b5000 	C:\WINDOWS\System32\RPCRT4.dll
0x00007ff8674b0000 - 0x00007ff867650000 	C:\WINDOWS\System32\USER32.dll
0x00007ff865230000 - 0x00007ff865252000 	C:\WINDOWS\System32\win32u.dll
0x00007ff843410000 - 0x00007ff8436aa000 	C:\WINDOWS\WinSxS\amd64_microsoft.windows.common-controls_6595b64144ccf1df_6.0.19041.1110_none_60b5254171f9507e\COMCTL32.dll
0x00007ff8659a0000 - 0x00007ff8659ca000 	C:\WINDOWS\System32\GDI32.dll
0x00007ff865260000 - 0x00007ff86536b000 	C:\WINDOWS\System32\gdi32full.dll
0x00007ff865190000 - 0x00007ff86522d000 	C:\WINDOWS\System32\msvcp_win.dll
0x00007ff85e930000 - 0x00007ff85e93a000 	C:\WINDOWS\SYSTEM32\VERSION.dll
0x00007ff8658c0000 - 0x00007ff8658f0000 	C:\WINDOWS\System32\IMM32.DLL
0x00007ff85b2a0000 - 0x00007ff85b2ac000 	H:\jdk\jdk-17_jb51\1\bin\vcruntime140_1.dll
0x00007ff841780000 - 0x00007ff84180d000 	H:\jdk\jdk-17_jb51\1\bin\msvcp140.dll
0x00007ff808330000 - 0x00007ff808ef1000 	H:\jdk\jdk-17_jb51\1\bin\server\jvm.dll
0x00007ff866c20000 - 0x00007ff866c28000 	C:\WINDOWS\System32\PSAPI.DLL
0x00007ff8593a0000 - 0x00007ff8593a9000 	C:\WINDOWS\SYSTEM32\WSOCK32.dll
0x00007ff857d50000 - 0x00007ff857d77000 	C:\WINDOWS\SYSTEM32\WINMM.dll
0x00007ff866560000 - 0x00007ff8665cb000 	C:\WINDOWS\System32\WS2_32.dll
0x00007ff863690000 - 0x00007ff8636a2000 	C:\WINDOWS\SYSTEM32\kernel.appcore.dll
0x00007ff85b290000 - 0x00007ff85b29a000 	H:\jdk\jdk-17_jb51\1\bin\jimage.dll
0x00007ff863300000 - 0x00007ff8634e4000 	C:\WINDOWS\SYSTEM32\DBGHELP.DLL
0x00007ff85c440000 - 0x00007ff85c46c000 	C:\WINDOWS\SYSTEM32\dbgcore.DLL
0x00007ff865100000 - 0x00007ff865182000 	C:\WINDOWS\System32\bcryptPrimitives.dll
0x00007ff85b2d0000 - 0x00007ff85b2de000 	H:\jdk\jdk-17_jb51\1\bin\instrument.dll
0x00007ff854e20000 - 0x00007ff854e45000 	H:\jdk\jdk-17_jb51\1\bin\java.dll
0x00007ff8412e0000 - 0x00007ff8413b6000 	H:\jdk\jdk-17_jb51\1\bin\jsvml.dll
0x00007ff865de0000 - 0x00007ff866524000 	C:\WINDOWS\System32\SHELL32.dll
0x00007ff862b60000 - 0x00007ff8632f4000 	C:\WINDOWS\SYSTEM32\windows.storage.dll
0x00007ff866800000 - 0x00007ff866b54000 	C:\WINDOWS\System32\combase.dll
0x00007ff864810000 - 0x00007ff864840000 	C:\WINDOWS\SYSTEM32\Wldp.dll
0x00007ff865c70000 - 0x00007ff865d1d000 	C:\WINDOWS\System32\SHCORE.dll
0x00007ff8665d0000 - 0x00007ff866625000 	C:\WINDOWS\System32\shlwapi.dll
0x00007ff864cf0000 - 0x00007ff864d0f000 	C:\WINDOWS\SYSTEM32\profapi.dll
0x00007ff845280000 - 0x00007ff845298000 	H:\jdk\jdk-17_jb51\1\bin\zip.dll
0x00007ff845f50000 - 0x00007ff845f69000 	H:\jdk\jdk-17_jb51\1\bin\net.dll
0x00007ff85a0f0000 - 0x00007ff85a1fa000 	C:\WINDOWS\SYSTEM32\WINHTTP.dll
0x00007ff864570000 - 0x00007ff8645da000 	C:\WINDOWS\system32\mswsock.dll
0x00007ff8452a0000 - 0x00007ff8452b6000 	H:\jdk\jdk-17_jb51\1\bin\nio.dll
0x00007ff842450000 - 0x00007ff84246a000 	H:\jdk\idea2022\1\IntelliJ IDEA 2022.1.3\bin\breakgen64.dll
0x00007ff85b080000 - 0x00007ff85b090000 	H:\jdk\jdk-17_jb51\1\bin\verify.dll
0x00007ff854e10000 - 0x00007ff854e19000 	H:\jdk\jdk-17_jb51\1\bin\management.dll
0x00007ff854dc0000 - 0x00007ff854dcb000 	H:\jdk\jdk-17_jb51\1\bin\management_ext.dll
0x00007ff864770000 - 0x00007ff864788000 	C:\WINDOWS\SYSTEM32\CRYPTSP.dll
0x00007ff863e80000 - 0x00007ff863eb4000 	C:\WINDOWS\system32\rsaenh.dll
0x00007ff865080000 - 0x00007ff8650a7000 	C:\WINDOWS\System32\bcrypt.dll
0x00007ff864cb0000 - 0x00007ff864cde000 	C:\WINDOWS\SYSTEM32\USERENV.dll
0x00007ff864760000 - 0x00007ff86476c000 	C:\WINDOWS\SYSTEM32\CRYPTBASE.dll
0x00007ff864210000 - 0x00007ff86424b000 	C:\WINDOWS\SYSTEM32\IPHLPAPI.DLL
0x00007ff866550000 - 0x00007ff866558000 	C:\WINDOWS\System32\NSI.dll
0x00007ff85b390000 - 0x00007ff85b3a7000 	C:\WINDOWS\SYSTEM32\dhcpcsvc6.DLL
0x00007ff85bb20000 - 0x00007ff85bb3d000 	C:\WINDOWS\SYSTEM32\dhcpcsvc.DLL
0x00007ff864260000 - 0x00007ff86432b000 	C:\WINDOWS\SYSTEM32\DNSAPI.dll
0x00007ff809a20000 - 0x00007ff80a017000 	C:\Users\Administrator\AppData\Local\Temp\librocksdbjni3893120953311308359.dll
0x00007ff854b50000 - 0x00007ff854b5e000 	H:\jdk\jdk-17_jb51\1\bin\sunmscapi.dll
0x00007ff865420000 - 0x00007ff865576000 	C:\WINDOWS\System32\CRYPT32.dll
0x00007ff864880000 - 0x00007ff8648a7000 	C:\WINDOWS\SYSTEM32\ncrypt.dll
0x00007ff864840000 - 0x00007ff86487b000 	C:\WINDOWS\SYSTEM32\NTASN1.dll
0x00007ff845f40000 - 0x00007ff845f47000 	C:\WINDOWS\system32\wshunix.dll
0x00007ff850840000 - 0x00007ff850857000 	C:\WINDOWS\system32\napinsp.dll
0x00007ff850820000 - 0x00007ff85083b000 	C:\WINDOWS\system32\pnrpnsp.dll
0x00007ff85f750000 - 0x00007ff85f765000 	C:\WINDOWS\system32\wshbth.dll
0x00007ff85d6c0000 - 0x00007ff85d6dd000 	C:\WINDOWS\system32\NLAapi.dll
0x00007ff850800000 - 0x00007ff850812000 	C:\WINDOWS\System32\winrnr.dll
0x0000000016080000 - 0x00000000160e8000 	C:\Program Files\Keysight\IO Libraries Suite\LxiMdnsNsp.dll
0x00007ff859ff0000 - 0x00007ff859ffa000 	C:\Windows\System32\rasadhlp.dll
0x00007ff85a070000 - 0x00007ff85a0f0000 	C:\WINDOWS\System32\fwpuclnt.dll

dbghelp: loaded successfully - version: 4.0.5 - missing functions: none
symbol engine: initialized successfully - sym options: 0x614 - pdb path: .;H:\jdk\jdk-17_jb51\1\bin;C:\WINDOWS\SYSTEM32;C:\WINDOWS\WinSxS\amd64_microsoft.windows.common-controls_6595b64144ccf1df_6.0.19041.1110_none_60b5254171f9507e;H:\jdk\jdk-17_jb51\1\bin\server;H:\jdk\idea2022\1\IntelliJ IDEA 2022.1.3\bin;C:\Users\Administrator\AppData\Local\Temp;C:\Program Files\Keysight\IO Libraries Suite

VM Arguments:
jvm_args: -DserverPort=8776 --add-opens=java.base/java.lang=ALL-UNNAMED -javaagent:H:\jdk\idea2022\1\IntelliJ IDEA 2022.1.3\lib\idea_rt.jar=62009:H:\jdk\idea2022\1\IntelliJ IDEA 2022.1.3\bin -Dfile.encoding=UTF-8 
java_command: cn.think.in.java.RaftNodeBootStrap
java_class_path (initial): D:\ta\raft -  - \lu-raft-kv\target\classes;C:\Users\Administrator\.m2\repository\redis\clients\jedis\2.7.1\jedis-2.7.1.jar;C:\Users\Administrator\.m2\repository\org\apache\commons\commons-pool2\2.3\commons-pool2-2.3.jar;C:\Users\Administrator\.m2\repository\com\google\guava\guava\31.1-jre\guava-31.1-jre.jar;C:\Users\Administrator\.m2\repository\com\google\guava\failureaccess\1.0.1\failureaccess-1.0.1.jar;C:\Users\Administrator\.m2\repository\com\google\guava\listenablefuture\9999.0-empty-to-avoid-conflict-with-guava\listenablefuture-9999.0-empty-to-avoid-conflict-with-guava.jar;C:\Users\Administrator\.m2\repository\com\google\code\findbugs\jsr305\3.0.2\jsr305-3.0.2.jar;C:\Users\Administrator\.m2\repository\org\checkerframework\checker-qual\3.12.0\checker-qual-3.12.0.jar;C:\Users\Administrator\.m2\repository\com\google\errorprone\error_prone_annotations\2.11.0\error_prone_annotations-2.11.0.jar;C:\Users\Administrator\.m2\repository\com\google\j2objc\j2objc-annotations\1.3\j2objc-annotations-1.3.jar;C:\Users\Administrator\.m2\repository\org\rocksdb\rocksdbjni\5.14.3\rocksdbjni-5.14.3.jar;C:\Users\Administrator\.m2\repository\org\slf4j\slf4j-api\1.7.25\slf4j-api-1.7.25.jar;C:\Users\Administrator\.m2\repository\org\slf4j\slf4j-log4j12\1.7.21\slf4j-log4j12-1.7.21.jar;C:\Users\Administrator\.m2\repository\log4j\log4j\1.2.17\log4j-1.2.17.jar;C:\Users\Administrator\.m2\repository\com\alipay\sofa\bolt\1.6.4\bolt-1.6.4.jar;C:\Users\Administrator\.m2\repository\io\netty\netty-all\4.1.42.Final\netty-all-4.1.42.Final.jar;C:\Users\Administrator\.m2\repository\com\alipay\sofa\common\sofa-common-tools\1.0.12\sofa-common-tools-1.0.12.jar;C:\Users\Administrator\.m2\repository\com\alibaba\fastjson\1.2.49\fastjson-1.2.49.jar;C:\Users\Administrator\.m2\repository\org\projectlombok\lombok\1.18.2\lombok-1.18.2.jar;C:\Users\Administrator\.m2\repository\com\alipay\sofa\hessian\3.3.6\hessian-3.3.6.jar
Launcher Type: SUN_STANDARD

[Global flags]
     intx CICompilerCount                          = 3                                         {product} {ergonomic}
     uint ConcGCThreads                            = 1                                         {product} {ergonomic}
     uint G1ConcRefinementThreads                  = 4                                         {product} {ergonomic}
   size_t G1HeapRegionSize                         = 1048576                                   {product} {ergonomic}
    uintx GCDrainStackTargetSize                   = 64                                        {product} {ergonomic}
   size_t InitialHeapSize                          = 134217728                                 {product} {ergonomic}
   size_t MarkStackSize                            = 4194304                                   {product} {ergonomic}
   size_t MaxHeapSize                              = 2120220672                                {product} {ergonomic}
   size_t MaxNewSize                               = 1271922688                                {product} {ergonomic}
   size_t MinHeapDeltaBytes                        = 1048576                                   {product} {ergonomic}
   size_t MinHeapSize                              = 8388608                                   {product} {ergonomic}
    uintx NonNMethodCodeHeapSize                   = 5832780                                {pd product} {ergonomic}
    uintx NonProfiledCodeHeapSize                  = 122912730                              {pd product} {ergonomic}
    uintx ProfiledCodeHeapSize                     = 122912730                              {pd product} {ergonomic}
    uintx ReservedCodeCacheSize                    = 251658240                              {pd product} {ergonomic}
     bool SegmentedCodeCache                       = true                                      {product} {ergonomic}
   size_t SoftMaxHeapSize                          = 2120220672                             {manageable} {ergonomic}
     bool UseCompressedClassPointers               = true                           {product lp64_product} {ergonomic}
     bool UseCompressedOops                        = true                           {product lp64_product} {ergonomic}
     bool UseG1GC                                  = true                                      {product} {ergonomic}
     bool UseLargePagesIndividualAllocation        = false                                  {pd product} {ergonomic}

Logging:
Log output configuration:
 #0: stdout all=warning uptime,level,tags
 #1: stderr all=off uptime,level,tags

Environment Variables:
JAVA_HOME=H:\jdk\1
PATH=H:\python310\1\Scripts\;H:\python310\1\;C:\Program Files\Common Files\Oracle\Java\javapath;C:\WINDOWS\system32;C:\WINDOWS;C:\WINDOWS\System32\Wbem;C:\WINDOWS\System32\WindowsPowerShell\v1.0\;C:\WINDOWS\System32\OpenSSH\;H:\jdk\1\bin;C:\Program Files\Keysight\IO Libraries Suite\bin;C:\Program Files\IVI Foundation\VISA\Win64\ktvisa;C:\Program Files\IVI Foundation\VISA\Win64\bin;C:\Program Files (x86)\Keysight\IO Libraries Suite\bin;C:\Program Files (x86)\IVI Foundation\VISA\WinNT\ktvisa;C:\Program Files (x86)\IVI Foundation\VISA\WinNT\bin;C:\Program Files (x86)\IVI Foundation\IVI\bin;C:\Program Files\IVI Foundation\IVI\bin;C:\Program Files (x86)\IVI Foundation\VISA\WinNT\Bin\;C:\Program Files\IVI Foundation\VISA\Win64\Bin\;C:\Program Files (x86)\IVI Foundation\VISA\winnt\agvisa;G:\python27\1\Scripts;G:\python27\1;G:\mysql\mysql-5.7.37-winx64\bin;E:\maven\apache-maven-3.8.4\bin\bin;E:\maven\apache-maven-3.8.4\bin;E:\kafka\zook\bin;H:\python310\1\Scripts\;H:\python310\1\;C:\Users\Administrator\AppData\Local\Microsoft\WindowsApps;G:\bandzip\1\;G:\python27\1\Scripts;G:\python27\1;E:\protoc-3.17.2-win64\bin;;H:\jdk\idea2022\1\IntelliJ IDEA 2022.1.3\bin;
USERNAME=Administrator
OS=Windows_NT
PROCESSOR_IDENTIFIER=Intel64 Family 6 Model 78 Stepping 3, GenuineIntel



---------------  S Y S T E M  ---------------

OS:
 Windows 10 , 64 bit Build 19041 (10.0.19041.1806)
OS uptime: 8 days 5:55 hours

CPU: total 4 (initial active 4) (2 cores per cpu, 2 threads per core) family 6 model 78 stepping 3 microcode 0xcc, cx8, cmov, fxsr, ht, mmx, 3dnowpref, sse, sse2, sse3, ssse3, sse4.1, sse4.2, popcnt, lzcnt, tsc, tscinvbit, avx, avx2, aes, erms, clmul, bmi1, bmi2, adx, fma, vzeroupper, clflush, clflushopt

Memory: 4k page, system-wide physical 8087M (1808M free)
TotalPageFile size 13975M (AvailPageFile size 3182M)
current process WorkingSet (physical memory assigned to process): 211M, peak: 229M
current process commit charge ("private bytes"): 286M, peak: 309M

vm_info: Java HotSpot(TM) 64-Bit Server VM (17.0.2+8-LTS-86) for windows-amd64 JRE (17.0.2+8-LTS-86), built on Dec  7 2021 21:51:03 by "mach5one" with MS VC++ 16.8 / 16.9 (VS2019)

END.
